[dungeon_persist_before] room=1 level=1 xp=42 xp_to_next=100 pending_level_ups=0 gold=11 attr_pts=0 hp=100
SaveSystem::save_debug /home/danten/.local/share/mion/mion_engine/debug_dungeon_autosave.txt ok
XP gained=1 new_level=2 pending_level_ups=1
Level choice became pending: level=2 pending_level_ups=1
Attribute screen opened: level=2 pending_level_ups=1
[attr_levelup_apply] pos=(163.3,493.9) hp=100/108 level=2 xp=2 xp_to_next=200 pending_level_ups=0 vigor=1 forca=0 des=0 int=0 end=0
[dungeon_persist_before] room=1 level=2 xp=2 xp_to_next=200 pending_level_ups=0 gold=11 attr_pts=0 hp=100
SaveSystem::save_debug /home/danten/.local/share/mion/mion_engine/debug_dungeon_autosave.txt ok
Attribute screen closed: level=2 pending_level_ups=0
[dungeon_persist_before] room=1 level=1 xp=42 xp_to_next=100 pending_level_ups=0 gold=8 attr_pts=0 hp=100
SaveSystem::save_debug /home/danten/.local/share/mion/mion_engine/debug_dungeon_autosave.txt ok
XP gained=1 new_level=2 pending_level_ups=1
Level choice became pending: level=2 pending_level_ups=1
Attribute screen opened: level=2 pending_level_ups=1
[attr_levelup_apply] pos=(197.5,474.5) hp=100/100 level=2 xp=2 xp_to_next=200 pending_level_ups=0 vigor=0 forca=1 des=0 int=0 end=0
[dungeon_persist_before] room=1 level=2 xp=2 xp_to_next=200 pending_level_ups=0 gold=8 attr_pts=0 hp=100
SaveSystem::save_debug /home/danten/.local/share/mion/mion_engine/debug_dungeon_autosave.txt ok
Attribute screen closed: level=2 pending_level_ups=0
Skill tree auto-opened: pending_talent_points=1
[dungeon_persist_before] room=1 level=2 xp=2 xp_to_next=200 pending_level_ups=0 gold=8 attr_pts=0 hp=100
SaveSystem::save_debug /home/danten/.local/share/mion/mion_engine/debug_dungeon_autosave.txt ok
[dungeon_persist_before] room=2 level=2 xp=42 xp_to_next=200 pending_level_ups=0 gold=24 attr_pts=0 hp=48
SaveSystem::save_debug /home/danten/.local/share/mion/mion_engine/debug_dungeon_autosave.txt ok
[dungeon_persist_before] room=1 level=1 xp=42 xp_to_next=100 pending_level_ups=0 gold=8 attr_pts=0 hp=100
SaveSystem::save_debug /home/danten/.local/share/mion/mion_engine/debug_dungeon_autosave.txt ok
XP gained=1 new_level=2 pending_level_ups=1
Level choice became pending: level=2 pending_level_ups=1
Attribute screen opened: level=2 pending_level_ups=1
[attr_levelup_apply] pos=(107.1,341.3) hp=90/100 level=2 xp=2 xp_to_next=200 pending_level_ups=0 vigor=0 forca=0 des=0 int=1 end=0
[dungeon_persist_before] room=1 level=2 xp=2 xp_to_next=200 pending_level_ups=0 gold=12 attr_pts=0 hp=90
SaveSystem::save_debug /home/danten/.local/share/mion/mion_engine/debug_dungeon_autosave.txt ok
Attribute screen closed: level=2 pending_level_ups=0
Skill tree auto-opened: pending_talent_points=1
[dungeon_persist_before] room=1 level=2 xp=2 xp_to_next=200 pending_level_ups=0 gold=12 attr_pts=0 hp=90
SaveSystem::save_debug /home/danten/.local/share/mion/mion_engine/debug_dungeon_autosave.txt ok
[dungeon_persist_before] room=1 level=2 xp=2 xp_to_next=200 pending_level_ups=0 gold=12 attr_pts=0 hp=90
SaveSystem::save_debug /home/danten/.local/share/mion/mion_engine/debug_dungeon_autosave.txt ok
[dungeon_persist_before] room=1 level=2 xp=2 xp_to_next=200 pending_level_ups=0 gold=12 attr_pts=0 hp=90
SaveSystem::save_debug /home/danten/.local/share/mion/mion_engine/debug_dungeon_autosave.txt ok
[dungeon_persist_before] room=1 level=2 xp=44 xp_to_next=200 pending_level_ups=0 gold=22 attr_pts=0 hp=55
SaveSystem::save_debug /home/danten/.local/share/mion/mion_engine/debug_dungeon_autosave.txt ok
[dungeon_persist_before] room=2 level=2 xp=144 xp_to_next=200 pending_level_ups=0 gold=42 attr_pts=0 hp=47
SaveSystem::save_debug /home/danten/.local/share/mion/mion_engine/debug_dungeon_autosave.txt ok
XP gained=1 new_level=3 pending_level_ups=1
Level choice became pending: level=3 pending_level_ups=1
Attribute screen opened: level=3 pending_level_ups=1
[attr_levelup_apply] pos=(123.3,228.7) hp=17/100 level=3 xp=22 xp_to_next=300 pending_level_ups=0 vigor=0 forca=1 des=0 int=0 end=0
[dungeon_persist_before] room=2 level=3 xp=22 xp_to_next=300 pending_level_ups=0 gold=43 attr_pts=0 hp=17
SaveSystem::save_debug /home/danten/.local/share/mion/mion_engine/debug_dungeon_autosave.txt ok
Attribute screen closed: level=3 pending_level_ups=0
Skill tree auto-opened: pending_talent_points=1
[dungeon_persist_before] room=2 level=3 xp=22 xp_to_next=300 pending_level_ups=0 gold=43 attr_pts=0 hp=17
SaveSystem::save_debug /home/danten/.local/share/mion/mion_engine/debug_dungeon_autosave.txt ok
[dungeon_persist_before] room=1 level=1 xp=42 xp_to_next=100 pending_level_ups=0 gold=9 attr_pts=0 hp=100
SaveSystem::save_debug /home/danten/.local/share/mion/mion_engine/debug_dungeon_autosave.txt ok
XP gained=1 new_level=2 pending_level_ups=1
Level choice became pending: level=2 pending_level_ups=1
Attribute screen opened: level=2 pending_level_ups=1
[attr_levelup_apply] pos=(142.1,339.8) hp=80/100 level=2 xp=2 xp_to_next=200 pending_level_ups=0 vigor=0 forca=1 des=0 int=0 end=0
[dungeon_persist_before] room=1 level=2 xp=2 xp_to_next=200 pending_level_ups=0 gold=12 attr_pts=0 hp=80
SaveSystem::save_debug /home/danten/.local/share/mion/mion_engine/debug_dungeon_autosave.txt ok
Attribute screen closed: level=2 pending_level_ups=0
Skill tree auto-opened: pending_talent_points=1
[dungeon_persist_before] room=1 level=2 xp=2 xp_to_next=200 pending_level_ups=0 gold=12 attr_pts=0 hp=80
SaveSystem::save_debug /home/danten/.local/share/mion/mion_engine/debug_dungeon_autosave.txt ok
[dungeon_persist_before] room=2 level=2 xp=42 xp_to_next=200 pending_level_ups=0 gold=26 attr_pts=0 hp=28
SaveSystem::save_debug /home/danten/.local/share/mion/mion_engine/debug_dungeon_autosave.txt ok
XP gained=1 new_level=3 pending_level_ups=1
Level choice became pending: level=3 pending_level_ups=1
Attribute screen opened: level=3 pending_level_ups=1
[attr_levelup_apply] pos=(164.0,312.9) hp=52/100 level=3 xp=24 xp_to_next=300 pending_level_ups=0 vigor=0 forca=1 des=0 int=1 end=0
[dungeon_persist_before] room=2 level=3 xp=24 xp_to_next=300 pending_level_ups=0 gold=44 attr_pts=0 hp=52
SaveSystem::save_debug /home/danten/.local/share/mion/mion_engine/debug_dungeon_autosave.txt ok
Attribute screen closed: level=3 pending_level_ups=0
Skill tree auto-opened: pending_talent_points=1
[dungeon_persist_before] room=2 level=3 xp=24 xp_to_next=300 pending_level_ups=0 gold=44 attr_pts=0 hp=52
SaveSystem::save_debug /home/danten/.local/share/mion/mion_engine/debug_dungeon_autosave.txt ok
[dungeon_persist_before] room=3 level=3 xp=24 xp_to_next=300 pending_level_ups=0 gold=58 attr_pts=0 hp=52
SaveSystem::save_debug /home/danten/.local/share/mion/mion_engine/debug_dungeon_autosave.txt ok
[dungeon_persist_before] room=3 level=3 xp=56 xp_to_next=300 pending_level_ups=0 gold=87 attr_pts=0 hp=52
SaveSystem::save_debug /home/danten/.local/share/mion/mion_engine/debug_dungeon_autosave.txt ok
[dungeon_persist_before] room=3 level=3 xp=56 xp_to_next=300 pending_level_ups=0 gold=87 attr_pts=0 hp=52
SaveSystem::save_debug /home/danten/.local/share/mion/mion_engine/debug_dungeon_autosave.txt ok
[dungeon_persist_before] room=1 level=3 xp=98 xp_to_next=300 pending_level_ups=0 gold=95 attr_pts=0 hp=74
SaveSystem::save_debug /home/danten/.local/share/mion/mion_engine/debug_dungeon_autosave.txt ok
[dungeon_persist_before] room=2 level=3 xp=198 xp_to_next=300 pending_level_ups=0 gold=107 attr_pts=0 hp=100
SaveSystem::save_debug /home/danten/.local/share/mion/mion_engine/debug_dungeon_autosave.txt ok
XP gained=1 new_level=4 pending_level_ups=1
Level choice became pending: level=4 pending_level_ups=1
Attribute screen opened: level=4 pending_level_ups=1
[attr_levelup_apply] pos=(345.1,616.6) hp=44/100 level=4 xp=2 xp_to_next=400 pending_level_ups=0 vigor=0 forca=0 des=0 int=1 end=0
[dungeon_persist_before] room=2 level=4 xp=2 xp_to_next=400 pending_level_ups=0 gold=110 attr_pts=0 hp=44
SaveSystem::save_debug /home/danten/.local/share/mion/mion_engine/debug_dungeon_autosave.txt ok
Attribute screen closed: level=4 pending_level_ups=0
Skill tree auto-opened: pending_talent_points=1
[dungeon_persist_before] room=2 level=4 xp=2 xp_to_next=400 pending_level_ups=0 gold=110 attr_pts=0 hp=44
SaveSystem::save_debug /home/danten/.local/share/mion/mion_engine/debug_dungeon_autosave.txt ok
[dungeon_persist_before] room=1 level=4 xp=44 xp_to_next=400 pending_level_ups=0 gold=117 attr_pts=0 hp=44
SaveSystem::save_debug /home/danten/.local/share/mion/mion_engine/debug_dungeon_autosave.txt ok
[dungeon_persist_before] room=2 level=4 xp=144 xp_to_next=400 pending_level_ups=0 gold=133 attr_pts=0 hp=66
SaveSystem::save_debug /home/danten/.local/share/mion/mion_engine/debug_dungeon_autosave.txt ok
[dungeon_persist_before] room=3 level=4 xp=326 xp_to_next=400 pending_level_ups=0 gold=160 attr_pts=0 hp=58
SaveSystem::save_debug /home/danten/.local/share/mion/mion_engine/debug_dungeon_autosave.txt ok
[dungeon_persist_before] room=3 level=4 xp=358 xp_to_next=400 pending_level_ups=0 gold=194 attr_pts=0 hp=58
SaveSystem::save_debug /home/danten/.local/share/mion/mion_engine/debug_dungeon_autosave.txt ok
[dungeon_persist_before] room=3 level=4 xp=358 xp_to_next=400 pending_level_ups=0 gold=194 attr_pts=0 hp=58
SaveSystem::save_debug /home/danten/.local/share/mion/mion_engine/debug_dungeon_autosave.txt ok
XP gained=1 new_level=5 pending_level_ups=1
Level choice became pending: level=5 pending_level_ups=1
Attribute screen opened: level=5 pending_level_ups=1
[attr_levelup_apply] pos=(438.1,307.8) hp=58/108 level=5 xp=0 xp_to_next=500 pending_level_ups=0 vigor=1 forca=0 des=0 int=0 end=0
[dungeon_persist_before] room=0 level=5 xp=0 xp_to_next=500 pending_level_ups=0 gold=200 attr_pts=0 hp=58
SaveSystem::save_debug /home/danten/.local/share/mion/mion_engine/debug_dungeon_autosave.txt ok
Attribute screen closed: level=5 pending_level_ups=0
Skill tree auto-opened: pending_talent_points=1
[dungeon_persist_before] room=0 level=5 xp=0 xp_to_next=500 pending_level_ups=0 gold=200 attr_pts=0 hp=58
SaveSystem::save_debug /home/danten/.local/share/mion/mion_engine/debug_dungeon_autosave.txt ok
[dungeon_persist_before] room=1 level=5 xp=0 xp_to_next=500 pending_level_ups=0 gold=200 attr_pts=0 hp=58
SaveSystem::save_debug /home/danten/.local/share/mion/mion_engine/debug_dungeon_autosave.txt ok
[dungeon_persist_before] room=1 level=5 xp=20 xp_to_next=500 pending_level_ups=0 gold=200 attr_pts=0 hp=48
SaveSystem::save_debug /home/danten/.local/share/mion/mion_engine/debug_dungeon_autosave.txt ok
[dungeon_persist_before] room=1 level=5 xp=20 xp_to_next=500 pending_level_ups=0 gold=200 attr_pts=0 hp=48
SaveSystem::save_debug /home/danten/.local/share/mion/mion_engine/debug_dungeon_autosave.txt ok
